<?xml version="1.0" encoding="UTF-8"?>
<!-- Generated by org.testng.reporters.JUnitReportReporter -->
<testsuite skipped="0" hostname="ПК" name="test.TestProduct" tests="2" failures="0" timestamp="16 груд. 2017 23:54:17 GMT" time="0.300" errors="0">
  <testcase name="myTest" time="0.297" classname="test.TestProduct"/>
  <testcase name="myTest" time="0.003" classname="test.TestProduct"/>
</testsuite> <!-- test.TestProduct -->
