<?xml version="1.0" encoding="UTF-8"?>
<!-- Generated by org.testng.reporters.JUnitReportReporter -->
<testsuite skipped="0" hostname="ПК" name="test.TestCheck" tests="3" failures="0" timestamp="17 груд. 2017 17:10:51 GMT" time="0.105" errors="0">
  <testcase name="getProductCountTest" time="0.044" classname="test.TestCheck"/>
  <testcase name="getProductCountTest" time="0.050" classname="test.TestCheck"/>
  <testcase name="getTotalTest" time="0.011" classname="test.TestCheck"/>
</testsuite> <!-- test.TestCheck -->
