<?xml version="1.0" encoding="UTF-8"?>
<!-- Generated by org.testng.reporters.JUnitReportReporter -->
<testsuite skipped="0" hostname="ПК" name="test.NewTest" tests="2" failures="0" timestamp="29 вер. 2017 07:44:07 GMT" time="0.062" errors="0">
  <testcase name="MyTest" time="0.000" classname="test.NewTest"/>
  <testcase name="MyTest" time="0.062" classname="test.NewTest"/>
</testsuite> <!-- test.NewTest -->
