<?xml version="1.0" encoding="UTF-8"?>
<!-- Generated by org.testng.reporters.JUnitReportReporter -->
<testsuite skipped="0" hostname="ПК" name="test.TestSerialization" tests="4" failures="0" timestamp="16 груд. 2017 23:11:36 GMT" time="0.041" errors="0">
  <testcase name="jsonSerializationTest" time="0.005" classname="test.TestSerialization"/>
  <testcase name="xmlSerializationTest" time="0.004" classname="test.TestSerialization"/>
  <testcase name="xmlSerializationTest" time="0.003" classname="test.TestSerialization"/>
  <testcase name="jsonSerializationTest" time="0.029" classname="test.TestSerialization"/>
</testsuite> <!-- test.TestSerialization -->
