<?xml version="1.0" encoding="UTF-8"?>
<!-- Generated by org.testng.reporters.JUnitReportReporter -->
<testsuite skipped="0" hostname="ПК" name="test.TestDatabase" tests="6" failures="0" timestamp="17 груд. 2017 17:36:01 GMT" time="0.049" errors="0">
  <testcase name="getOverdueProductsTest" time="0.008" classname="test.TestDatabase"/>
  <testcase name="getProductsTest" time="0.004" classname="test.TestDatabase"/>
  <testcase name="addWorkersTest" time="0.006" classname="test.TestDatabase"/>
  <testcase name="getWorkersTest" time="0.002" classname="test.TestDatabase"/>
  <testcase name="updateProductTest" time="0.002" classname="test.TestDatabase"/>
  <testcase name="addProductsTest" time="0.027" classname="test.TestDatabase"/>
</testsuite> <!-- test.TestDatabase -->
