<?xml version="1.0" encoding="UTF-8"?>
<!-- Generated by org.testng.reporters.JUnitReportReporter -->
<testsuite skipped="0" hostname="ПК" name="test.NewTestCheck" tests="1" failures="0" timestamp="06 жовт. 2017 07:09:11 GMT" time="0.037" errors="0">
  <testcase name="MyTest" time="0.037" classname="test.NewTestCheck"/>
</testsuite> <!-- test.NewTestCheck -->
