<?xml version="1.0" encoding="UTF-8"?>
<!-- Generated by org.testng.reporters.JUnitReportReporter -->
<testsuite skipped="0" hostname="ПК" name="test.TestPaydesk" tests="1" failures="0" timestamp="02 лист. 2017 23:49:46 GMT" time="0.037" errors="0">
  <testcase name="myTest" time="0.037" classname="test.TestPaydesk"/>
</testsuite> <!-- test.TestPaydesk -->
